{"C:\\Users\\Yan_Asaulenko\\Projects\\AwesomeTSProject\\Components\\Form.tsx": {"path":"C:\\Users\\Yan_Asaulenko\\Projects\\AwesomeTSProject\\Components\\Form.tsx","statementMap":{"0":{"start":{"line":4,"column":20},"end":{"line":13,"column":1}},"1":{"start":{"line":5,"column":22},"end":{"line":7,"column":3}},"2":{"start":{"line":6,"column":4},"end":{"line":6,"column":22}},"3":{"start":{"line":8,"column":2},"end":{"line":12,"column":4}}},"fnMap":{"0":{"name":"(anonymous_0)","decl":{"start":{"line":4,"column":20},"end":{"line":4,"column":21}},"loc":{"start":{"line":4,"column":26},"end":{"line":13,"column":1}},"line":4},"1":{"name":"(anonymous_1)","decl":{"start":{"line":5,"column":22},"end":{"line":5,"column":23}},"loc":{"start":{"line":5,"column":43},"end":{"line":7,"column":3}},"line":5}},"branchMap":{},"s":{"0":1,"1":1,"2":0,"3":1},"f":{"0":1,"1":0},"b":{},"_coverageSchema":"43e27e138ebf9cfc5966b082cf9a028302ed4184","hash":"a78f76b3c2cfe121be54c3b5179ce206c4d82552"}
,"C:\\Users\\Yan_Asaulenko\\Projects\\AwesomeTSProject\\src\\components\\ButtonAdd.tsx": {"path":"C:\\Users\\Yan_Asaulenko\\Projects\\AwesomeTSProject\\src\\components\\ButtonAdd.tsx","statementMap":{"0":{"start":{"line":10,"column":15},"end":{"line":35,"column":2}},"1":{"start":{"line":36,"column":25},"end":{"line":48,"column":1}},"2":{"start":{"line":37,"column":2},"end":{"line":47,"column":4}},"3":{"start":{"line":42,"column":8},"end":{"line":42,"column":51}}},"fnMap":{"0":{"name":"(anonymous_0)","decl":{"start":{"line":36,"column":25},"end":{"line":36,"column":26}},"loc":{"start":{"line":36,"column":34},"end":{"line":48,"column":1}},"line":36},"1":{"name":"(anonymous_1)","decl":{"start":{"line":40,"column":15},"end":{"line":40,"column":16}},"loc":{"start":{"line":40,"column":21},"end":{"line":44,"column":7}},"line":40}},"branchMap":{},"s":{"0":1,"1":1,"2":2,"3":0},"f":{"0":2,"1":0},"b":{},"_coverageSchema":"43e27e138ebf9cfc5966b082cf9a028302ed4184","hash":"77fa22012dda9aa86e0e6be2b6df1e9432dcb988"}
}
